<?xml version="1.0" encoding="UTF-8"?>
<testsuite name="CinescopeTest" tests="4" skipped="0" failures="0" errors="0" timestamp="2025-04-05T13:55:31" hostname="PC" time="26.811">
  <properties/>
  <testcase name="[1] ivan333@gmail.com, Qq12345678" classname="CinescopeTest" time="18.315"/>
  <testcase name="[1] Qwe Rty Uio, wrewrwer@gmail.com, Qq12345678, ТQq12345678" classname="CinescopeTest" time="1.339"/>
  <testcase name="[1] ivan333@gmail.com, Qq12345678, Тайна Коко, 1" classname="CinescopeTest" time="3.663"/>
  <testcase name="[2] ivan333@gmail.com, Qq12345678, Темный рыцарь, 2" classname="CinescopeTest" time="3.315"/>
  <system-out><![CDATA[16:55:31.196 [Test worker] DEBUG com.codeborne.selenide.impl.CiReportUrl -- Variable selenide.reportsUrl not found
16:55:31.213 [Test worker] DEBUG com.codeborne.selenide.logevents.SelenideLogger -- Added listener 'AllureSelenide' to thread '1' (now it has 1 listeners)
16:55:31.379 [Test worker] DEBUG com.codeborne.selenide.impl.Plugins -- Using default implementation of com.codeborne.selenide.impl.WebDriverContainer: com.codeborne.selenide.WebDriverThreadLocalContainer
16:55:31.397 [Test worker] DEBUG com.codeborne.selenide.impl.Plugins -- Using default implementation of com.codeborne.selenide.impl.Photographer: com.codeborne.selenide.impl.WebdriverPhotographer
16:55:31.400 [Test worker] DEBUG com.codeborne.selenide.impl.Plugins -- Using default implementation of com.codeborne.selenide.impl.PageSourceExtractor: com.codeborne.selenide.impl.WebPageSourceExtractor
16:55:31.410 [Test worker] DEBUG com.codeborne.selenide.impl.Plugins -- Using default implementation of com.codeborne.selenide.impl.PageObjectFactory: com.codeborne.selenide.impl.SelenidePageFactory
16:55:31.437 [Test worker] DEBUG com.codeborne.selenide.impl.Plugins -- Using default implementation of com.codeborne.selenide.impl.WebElementSelector: com.codeborne.selenide.impl.WebElementSelector
16:55:31.439 [Test worker] DEBUG com.codeborne.selenide.impl.Plugins -- Using default implementation of com.codeborne.selenide.impl.ElementDescriber: com.codeborne.selenide.impl.SelenideElementDescriber
16:55:31.561 [Test worker] INFO com.codeborne.selenide.WebDriverThreadLocalContainer -- No webdriver is bound to current thread: 1 - let's create a new webdriver
16:55:31.573 [Test worker] DEBUG com.codeborne.selenide.drivercommands.CreateDriverCommand -- Creating webdriver in thread 1 (ip: 10.0.85.2, host: PC)...
16:55:31.574 [Test worker] DEBUG com.codeborne.selenide.webdriver.WebDriverFactory -- browser=chrome
16:55:31.575 [Test worker] DEBUG com.codeborne.selenide.webdriver.WebDriverFactory -- browser.version=null
16:55:31.575 [Test worker] DEBUG com.codeborne.selenide.webdriver.WebDriverFactory -- remote=http://localhost:4444/wd/hub
16:55:31.575 [Test worker] DEBUG com.codeborne.selenide.webdriver.WebDriverFactory -- browserSize=1366x768
16:55:31.580 [Test worker] DEBUG com.codeborne.selenide.webdriver.AbstractChromiumDriverFactory -- Using chromium preferences: {credentials_enable_service=false, autofill.credit_card_enabled=false, autofill.profile_enabled=false, safebrowsing.enabled=true, plugins.always_open_pdf_externally=true, profile.default_content_setting_values.automatic_downloads=1, profile.password_manager_enabled=false, profile.password_manager_leak_detection=false}
16:55:36.395 [Test worker] INFO com.codeborne.selenide.webdriver.WebDriverFactory -- Selenide 7.7.3 / Selenium 4.29.0 / chrome 128.0.6613.137 linux
16:55:36.395 [Test worker] DEBUG com.codeborne.selenide.drivercommands.CreateDriverCommand -- Created webdriver in thread 1: RemoteWebDriver -> RemoteWebDriver: chrome on linux (96444b89ecd63212360b65ffbfa35779), downloadsFolder: null
16:55:36.397 [Test worker] DEBUG com.codeborne.selenide.drivercommands.DisposablesRegistry -- Register WebDriverInstance[threadId=1, config=StaticConfig, webDriver=RemoteWebDriver: chrome on linux (96444b89ecd63212360b65ffbfa35779), proxy=null, downloadsFolder=null] in 1 [size=1]
16:55:36.408 [Test worker] DEBUG com.codeborne.selenide.drivercommands.DisposablesRegistry -- Add shutdown hook in 1 [size=1]
16:55:47.966 [Test worker] DEBUG com.codeborne.selenide.impl.Plugins -- Using default implementation of com.codeborne.selenide.commands.Clear: com.codeborne.selenide.commands.Clear
16:55:48.028 [Test worker] DEBUG com.codeborne.selenide.impl.Plugins -- Using default implementation of com.codeborne.selenide.impl.DownloadFileToFolder: com.codeborne.selenide.impl.DownloadFileToFolder
16:55:48.031 [Test worker] DEBUG com.codeborne.selenide.impl.Plugins -- Using default implementation of com.codeborne.selenide.impl.DownloadFileWithCdp: com.codeborne.selenide.impl.DownloadFileWithCdp
16:55:48.035 [Test worker] DEBUG com.codeborne.selenide.impl.Plugins -- Using default implementation of com.codeborne.selenide.commands.Commands: com.codeborne.selenide.commands.Commands
16:55:50.193 [Test worker] DEBUG com.codeborne.selenide.impl.Plugins -- Using default implementation of com.codeborne.selenide.ex.ErrorFormatter: com.codeborne.selenide.ex.SelenideErrorFormatter
]]></system-out>
  <system-err><![CDATA[]]></system-err>
</testsuite>
