<?xml version="1.0" encoding="UTF-8"?>
<testsuite name="CinescopeTest" tests="4" skipped="0" failures="0" errors="0" timestamp="2025-03-30T14:19:56" hostname="PC" time="10.887">
  <properties/>
  <testcase name="[1] ivan333@gmail.com, Qq12345678" classname="CinescopeTest" time="2.73"/>
  <testcase name="[1] Qwe Rty Uio, wrewrwer@gmail.com, Qq12345678, ТQq12345678" classname="CinescopeTest" time="1.168"/>
  <testcase name="[1] ivan333@gmail.com, Qq12345678, Тайна Коко, 1" classname="CinescopeTest" time="3.595"/>
  <testcase name="[2] ivan333@gmail.com, Qq12345678, Темный рыцарь, 2" classname="CinescopeTest" time="3.307"/>
  <system-out><![CDATA[17:19:56.508 [Test worker] DEBUG com.codeborne.selenide.impl.CiReportUrl -- Variable selenide.reportsUrl not found
17:19:56.531 [Test worker] DEBUG com.codeborne.selenide.logevents.SelenideLogger -- Added listener 'AllureSelenide' to thread '1' (now it has 1 listeners)
17:19:56.675 [Test worker] DEBUG com.codeborne.selenide.impl.Plugins -- Using default implementation of com.codeborne.selenide.impl.WebDriverContainer: com.codeborne.selenide.WebDriverThreadLocalContainer
17:19:56.684 [Test worker] DEBUG com.codeborne.selenide.impl.Plugins -- Using default implementation of com.codeborne.selenide.impl.Photographer: com.codeborne.selenide.impl.WebdriverPhotographer
17:19:56.686 [Test worker] DEBUG com.codeborne.selenide.impl.Plugins -- Using default implementation of com.codeborne.selenide.impl.PageSourceExtractor: com.codeborne.selenide.impl.WebPageSourceExtractor
17:19:56.695 [Test worker] DEBUG com.codeborne.selenide.impl.Plugins -- Using default implementation of com.codeborne.selenide.impl.PageObjectFactory: com.codeborne.selenide.impl.SelenidePageFactory
17:19:56.721 [Test worker] DEBUG com.codeborne.selenide.impl.Plugins -- Using default implementation of com.codeborne.selenide.impl.WebElementSelector: com.codeborne.selenide.impl.WebElementSelector
17:19:56.723 [Test worker] DEBUG com.codeborne.selenide.impl.Plugins -- Using default implementation of com.codeborne.selenide.impl.ElementDescriber: com.codeborne.selenide.impl.SelenideElementDescriber
17:19:56.860 [Test worker] INFO com.codeborne.selenide.WebDriverThreadLocalContainer -- No webdriver is bound to current thread: 1 - let's create a new webdriver
17:19:56.870 [Test worker] DEBUG com.codeborne.selenide.drivercommands.CreateDriverCommand -- Creating webdriver in thread 1 (ip: 10.0.85.2, host: PC)...
17:19:56.871 [Test worker] DEBUG com.codeborne.selenide.webdriver.WebDriverFactory -- browser=chrome
17:19:56.871 [Test worker] DEBUG com.codeborne.selenide.webdriver.WebDriverFactory -- browser.version=null
17:19:56.871 [Test worker] DEBUG com.codeborne.selenide.webdriver.WebDriverFactory -- remote=http://localhost:4444/wd/hub
17:19:56.871 [Test worker] DEBUG com.codeborne.selenide.webdriver.WebDriverFactory -- browserSize=1366x768
17:19:56.877 [Test worker] DEBUG com.codeborne.selenide.webdriver.AbstractChromiumDriverFactory -- Using chromium preferences: {credentials_enable_service=false, autofill.credit_card_enabled=false, autofill.profile_enabled=false, safebrowsing.enabled=true, plugins.always_open_pdf_externally=true, profile.default_content_setting_values.automatic_downloads=1, profile.password_manager_enabled=false, profile.password_manager_leak_detection=false}
17:19:58.567 [Test worker] INFO com.codeborne.selenide.webdriver.WebDriverFactory -- Selenide 7.7.3 / Selenium 4.29.0 / chrome 128.0.6613.137 linux
17:19:58.568 [Test worker] DEBUG com.codeborne.selenide.drivercommands.CreateDriverCommand -- Created webdriver in thread 1: RemoteWebDriver -> RemoteWebDriver: chrome on linux (80e23b1ed572946e780cc08af7785be6), downloadsFolder: null
17:19:58.573 [Test worker] DEBUG com.codeborne.selenide.drivercommands.DisposablesRegistry -- Register WebDriverInstance[threadId=1, config=StaticConfig, webDriver=RemoteWebDriver: chrome on linux (80e23b1ed572946e780cc08af7785be6), proxy=null, downloadsFolder=null] in 1 [size=1]
17:19:58.598 [Test worker] DEBUG com.codeborne.selenide.drivercommands.DisposablesRegistry -- Add shutdown hook in 1 [size=1]
17:19:58.879 [Test worker] DEBUG com.codeborne.selenide.impl.Plugins -- Using default implementation of com.codeborne.selenide.commands.Clear: com.codeborne.selenide.commands.Clear
17:19:58.919 [Test worker] DEBUG com.codeborne.selenide.impl.Plugins -- Using default implementation of com.codeborne.selenide.impl.DownloadFileToFolder: com.codeborne.selenide.impl.DownloadFileToFolder
17:19:58.921 [Test worker] DEBUG com.codeborne.selenide.impl.Plugins -- Using default implementation of com.codeborne.selenide.impl.DownloadFileWithCdp: com.codeborne.selenide.impl.DownloadFileWithCdp
17:19:58.924 [Test worker] DEBUG com.codeborne.selenide.impl.Plugins -- Using default implementation of com.codeborne.selenide.commands.Commands: com.codeborne.selenide.commands.Commands
17:19:58.967 [Test worker] DEBUG com.codeborne.selenide.impl.Plugins -- Using default implementation of com.codeborne.selenide.ex.ErrorFormatter: com.codeborne.selenide.ex.SelenideErrorFormatter
]]></system-out>
  <system-err><![CDATA[]]></system-err>
</testsuite>
