<?xml version="1.0" encoding="UTF-8"?>
<testsuite name="CinescopeTest" tests="4" skipped="0" failures="0" errors="0" timestamp="2025-03-29T17:48:41" hostname="PC" time="21.623">
  <properties/>
  <testcase name="[1] ivan333@gmail.com, Qq12345678" classname="CinescopeTest" time="13.956"/>
  <testcase name="[1] Qwe Rty Uio, wrewrwer@gmail.com, Qq12345678, ТQq12345678" classname="CinescopeTest" time="1.173"/>
  <testcase name="[1] ivan333@gmail.com, Qq12345678, Тайна Коко, 1" classname="CinescopeTest" time="3.096"/>
  <testcase name="[2] ivan333@gmail.com, Qq12345678, Темный рыцарь, 2" classname="CinescopeTest" time="3.265"/>
  <system-out><![CDATA[]]></system-out>
  <system-err><![CDATA[[Test worker] INFO com.codeborne.selenide.WebDriverThreadLocalContainer - No webdriver is bound to current thread: 1 - let's create a new webdriver
[Test worker] INFO com.codeborne.selenide.webdriver.WebDriverFactory - Selenide 7.7.3 / Selenium 4.29.0 / chrome 128.0.6613.137 linux
]]></system-err>
</testsuite>
